<?xml version="1.0" encoding="UTF-8"?>
<coverage generated="1512378002938" clover="3.2.0">
  <project timestamp="1512378002938" name="All files">
    <metrics statements="62" coveredstatements="41" conditionals="123" coveredconditionals="62" methods="56" coveredmethods="33" elements="241" coveredelements="136" complexity="0" loc="62" ncloc="62" packages="3" files="6" classes="6">
      <package name="actions">
        <metrics statements="5" coveredstatements="2" conditionals="4" coveredconditionals="3" methods="5" coveredmethods="1"/>
        <file name="input-action.js" path="C:\Users\577730\Desktop\Redux-rest\client\actions\input-action.js">
          <metrics statements="5" coveredstatements="2" conditionals="4" coveredconditionals="3" methods="5" coveredmethods="1"/>
          <line num="1" count="1" type="cond" truecount="3" falsecount="1"/>
          <line num="3" count="1" type="stmt"/>
          <line num="4" count="0" type="stmt"/>
          <line num="5" count="0" type="stmt"/>
          <line num="9" count="0" type="stmt"/>
        </file>
      </package>
      <package name="component">
        <metrics statements="48" coveredstatements="30" conditionals="115" coveredconditionals="55" methods="48" coveredmethods="29"/>
        <file name="app.js" path="C:\Users\577730\Desktop\Redux-rest\client\component\app.js">
          <metrics statements="7" coveredstatements="7" conditionals="33" coveredconditionals="20" methods="11" coveredmethods="11"/>
          <line num="1" count="1" type="cond" truecount="5" falsecount="3"/>
          <line num="3" count="1" type="stmt"/>
          <line num="4" count="1" type="stmt"/>
          <line num="5" count="4" type="cond" truecount="14" falsecount="9"/>
          <line num="7" count="1" type="cond" truecount="1" falsecount="1"/>
          <line num="10" count="1" type="stmt"/>
          <line num="16" count="1" type="stmt"/>
        </file>
        <file name="input.js" path="C:\Users\577730\Desktop\Redux-rest\client\component\input.js">
          <metrics statements="22" coveredstatements="11" conditionals="41" coveredconditionals="17" methods="20" coveredmethods="9"/>
          <line num="1" count="2" type="cond" truecount="5" falsecount="3"/>
          <line num="2" count="1" type="stmt"/>
          <line num="3" count="1" type="stmt"/>
          <line num="4" count="1" type="stmt"/>
          <line num="5" count="1" type="stmt"/>
          <line num="8" count="2" type="cond" truecount="12" falsecount="19"/>
          <line num="10" count="1" type="stmt"/>
          <line num="11" count="0" type="cond" truecount="0" falsecount="2"/>
          <line num="13" count="1" type="stmt"/>
          <line num="15" count="0" type="stmt"/>
          <line num="16" count="0" type="stmt"/>
          <line num="17" count="0" type="stmt"/>
          <line num="18" count="0" type="stmt"/>
          <line num="19" count="1" type="stmt"/>
          <line num="21" count="0" type="stmt"/>
          <line num="22" count="0" type="stmt"/>
          <line num="31" count="0" type="stmt"/>
          <line num="37" count="0" type="stmt"/>
          <line num="50" count="1" type="stmt"/>
          <line num="54" count="0" type="stmt"/>
          <line num="60" count="0" type="stmt"/>
          <line num="63" count="1" type="stmt"/>
        </file>
        <file name="navigation.js" path="C:\Users\577730\Desktop\Redux-rest\client\component\navigation.js">
          <metrics statements="7" coveredstatements="5" conditionals="4" coveredconditionals="3" methods="3" coveredmethods="1"/>
          <line num="1" count="1" type="stmt"/>
          <line num="2" count="1" type="stmt"/>
          <line num="3" count="1" type="cond" truecount="3" falsecount="1"/>
          <line num="5" count="1" type="stmt"/>
          <line num="6" count="0" type="stmt"/>
          <line num="18" count="0" type="stmt"/>
          <line num="21" count="1" type="stmt"/>
        </file>
        <file name="printingState.js" path="C:\Users\577730\Desktop\Redux-rest\client\component\printingState.js">
          <metrics statements="12" coveredstatements="7" conditionals="37" coveredconditionals="15" methods="14" coveredmethods="8"/>
          <line num="1" count="2" type="cond" truecount="5" falsecount="3"/>
          <line num="2" count="1" type="stmt"/>
          <line num="4" count="2" type="cond" truecount="10" falsecount="13"/>
          <line num="6" count="1" type="cond" truecount="0" falsecount="2"/>
          <line num="8" count="0" type="cond" truecount="0" falsecount="4"/>
          <line num="9" count="0" type="stmt"/>
          <line num="12" count="0" type="stmt"/>
          <line num="29" count="1" type="stmt"/>
          <line num="31" count="0" type="stmt"/>
          <line num="39" count="1" type="stmt"/>
          <line num="44" count="0" type="stmt"/>
          <line num="47" count="1" type="stmt"/>
        </file>
      </package>
      <package name="component.__tests__">
        <metrics statements="9" coveredstatements="9" conditionals="4" coveredconditionals="4" methods="3" coveredmethods="3"/>
        <file name="app-test.js" path="C:\Users\577730\Desktop\Redux-rest\client\component\__tests__\app-test.js">
          <metrics statements="9" coveredstatements="9" conditionals="4" coveredconditionals="4" methods="3" coveredmethods="3"/>
          <line num="1" count="1" type="stmt"/>
          <line num="2" count="1" type="stmt"/>
          <line num="3" count="1" type="stmt"/>
          <line num="4" count="1" type="stmt"/>
          <line num="6" count="4" type="cond" truecount="4" falsecount="0"/>
          <line num="8" count="1" type="stmt"/>
          <line num="11" count="1" type="stmt"/>
          <line num="12" count="1" type="stmt"/>
          <line num="13" count="1" type="stmt"/>
        </file>
      </package>
    </metrics>
  </project>
</coverage>
