{"C:\\Users\\577730\\Desktop\\Redux-rest\\client\\actions\\input-action.js": {"path":"C:\\Users\\577730\\Desktop\\Redux-rest\\client\\actions\\input-action.js","statementMap":{"0":{"start":{"line":1,"column":13},"end":{"line":1,"column":75}},"1":{"start":{"line":1,"column":75},"end":{"line":1,"column":107}},"2":{"start":{"line":1,"column":120},"end":{"line":1,"column":136}},"3":{"start":{"line":1,"column":151},"end":{"line":1,"column":181}},"4":{"start":{"line":1,"column":220},"end":{"line":1,"column":276}},"5":{"start":{"line":3,"column":18},"end":{"line":22,"column":1}},"6":{"start":{"line":4,"column":4},"end":{"line":20,"column":6}},"7":{"start":{"line":5,"column":8},"end":{"line":7,"column":30}},"8":{"start":{"line":9,"column":8},"end":{"line":18,"column":11}}},"fnMap":{"0":{"name":"_interopRequireDefault","decl":{"start":{"line":1,"column":191},"end":{"line":1,"column":213}},"loc":{"start":{"line":1,"column":219},"end":{"line":1,"column":277}},"line":1},"1":{"name":"takingInput","decl":{"start":{"line":3,"column":49},"end":{"line":3,"column":60}},"loc":{"start":{"line":3,"column":68},"end":{"line":22,"column":1}},"line":3},"2":{"name":"(anonymous_2)","decl":{"start":{"line":4,"column":11},"end":{"line":4,"column":12}},"loc":{"start":{"line":4,"column":31},"end":{"line":20,"column":5}},"line":4},"3":{"name":"(anonymous_3)","decl":{"start":{"line":13,"column":13},"end":{"line":13,"column":14}},"loc":{"start":{"line":13,"column":33},"end":{"line":15,"column":9}},"line":13},"4":{"name":"(anonymous_4)","decl":{"start":{"line":16,"column":8},"end":{"line":16,"column":9}},"loc":{"start":{"line":16,"column":25},"end":{"line":18,"column":9}},"line":16}},"branchMap":{"0":{"loc":{"start":{"line":1,"column":227},"end":{"line":1,"column":275}},"type":"cond-expr","locations":[{"start":{"line":1,"column":251},"end":{"line":1,"column":254}},{"start":{"line":1,"column":257},"end":{"line":1,"column":275}}],"line":1},"1":{"loc":{"start":{"line":1,"column":227},"end":{"line":1,"column":248}},"type":"binary-expr","locations":[{"start":{"line":1,"column":227},"end":{"line":1,"column":230}},{"start":{"line":1,"column":234},"end":{"line":1,"column":248}}],"line":1}},"s":{"0":1,"1":1,"2":1,"3":1,"4":1,"5":1,"6":0,"7":0,"8":0},"f":{"0":1,"1":0,"2":0,"3":0,"4":0},"b":{"0":[0,1],"1":[1,1]},"_coverageSchema":"332fd63041d2c1bcb487cc26dd0d5f7d97098a6c","hash":"d02d47f0122be9ca6be0987f43ea1912969d32da"}
,"C:\\Users\\577730\\Desktop\\Redux-rest\\client\\component\\app.js": {"path":"C:\\Users\\577730\\Desktop\\Redux-rest\\client\\component\\app.js","statementMap":{"0":{"start":{"line":1,"column":13},"end":{"line":1,"column":75}},"1":{"start":{"line":1,"column":94},"end":{"line":1,"column":623}},"2":{"start":{"line":1,"column":149},"end":{"line":1,"column":414}},"3":{"start":{"line":1,"column":206},"end":{"line":1,"column":214}},"4":{"start":{"line":1,"column":215},"end":{"line":1,"column":270}},"5":{"start":{"line":1,"column":270},"end":{"line":1,"column":301}},"6":{"start":{"line":1,"column":301},"end":{"line":1,"column":355}},"7":{"start":{"line":1,"column":328},"end":{"line":1,"column":355}},"8":{"start":{"line":1,"column":355},"end":{"line":1,"column":413}},"9":{"start":{"line":1,"column":415},"end":{"line":1,"column":620}},"10":{"start":{"line":1,"column":471},"end":{"line":1,"column":539}},"11":{"start":{"line":1,"column":487},"end":{"line":1,"column":539}},"12":{"start":{"line":1,"column":539},"end":{"line":1,"column":599}},"13":{"start":{"line":1,"column":556},"end":{"line":1,"column":599}},"14":{"start":{"line":1,"column":599},"end":{"line":1,"column":618}},"15":{"start":{"line":1,"column":637},"end":{"line":1,"column":653}},"16":{"start":{"line":1,"column":668},"end":{"line":1,"column":698}},"17":{"start":{"line":3,"column":16},"end":{"line":3,"column":36}},"18":{"start":{"line":3,"column":54},"end":{"line":3,"column":87}},"19":{"start":{"line":4,"column":13},"end":{"line":4,"column":31}},"20":{"start":{"line":4,"column":46},"end":{"line":4,"column":76}},"21":{"start":{"line":5,"column":21},"end":{"line":5,"column":47}},"22":{"start":{"line":5,"column":70},"end":{"line":5,"column":108}},"23":{"start":{"line":5,"column":147},"end":{"line":5,"column":203}},"24":{"start":{"line":5,"column":253},"end":{"line":5,"column":352}},"25":{"start":{"line":5,"column":294},"end":{"line":5,"column":351}},"26":{"start":{"line":5,"column":402},"end":{"line":5,"column":501}},"27":{"start":{"line":5,"column":414},"end":{"line":5,"column":500}},"28":{"start":{"line":5,"column":501},"end":{"line":5,"column":587}},"29":{"start":{"line":5,"column":630},"end":{"line":5,"column":793}},"30":{"start":{"line":5,"column":692},"end":{"line":5,"column":792}},"31":{"start":{"line":5,"column":793},"end":{"line":5,"column":957}},"32":{"start":{"line":5,"column":957},"end":{"line":5,"column":1075}},"33":{"start":{"line":5,"column":973},"end":{"line":5,"column":1075}},"34":{"start":{"line":7,"column":6},"end":{"line":16,"column":77}},"35":{"start":{"line":7,"column":35},"end":{"line":7,"column":68}},"36":{"start":{"line":7,"column":84},"end":{"line":7,"column":111}},"37":{"start":{"line":7,"column":111},"end":{"line":7,"column":221}},"38":{"start":{"line":7,"column":222},"end":{"line":16,"column":35}},"39":{"start":{"line":10,"column":16},"end":{"line":13,"column":85}},"40":{"start":{"line":16,"column":13},"end":{"line":16,"column":27}},"41":{"start":{"line":16,"column":35},"end":{"line":16,"column":46}},"42":{"start":{"line":16,"column":78},"end":{"line":16,"column":103}}},"fnMap":{"0":{"name":"(anonymous_0)","decl":{"start":{"line":1,"column":94},"end":{"line":1,"column":95}},"loc":{"start":{"line":1,"column":106},"end":{"line":1,"column":621}},"line":1},"1":{"name":"defineProperties","decl":{"start":{"line":1,"column":116},"end":{"line":1,"column":132}},"loc":{"start":{"line":1,"column":148},"end":{"line":1,"column":415}},"line":1},"2":{"name":"(anonymous_2)","decl":{"start":{"line":1,"column":422},"end":{"line":1,"column":423}},"loc":{"start":{"line":1,"column":470},"end":{"line":1,"column":619}},"line":1},"3":{"name":"_interopRequireDefault","decl":{"start":{"line":5,"column":118},"end":{"line":5,"column":140}},"loc":{"start":{"line":5,"column":146},"end":{"line":5,"column":204}},"line":5},"4":{"name":"_classCallCheck","decl":{"start":{"line":5,"column":213},"end":{"line":5,"column":228}},"loc":{"start":{"line":5,"column":252},"end":{"line":5,"column":353}},"line":5},"5":{"name":"_possibleConstructorReturn","decl":{"start":{"line":5,"column":362},"end":{"line":5,"column":388}},"loc":{"start":{"line":5,"column":401},"end":{"line":5,"column":588}},"line":5},"6":{"name":"_inherits","decl":{"start":{"line":5,"column":597},"end":{"line":5,"column":606}},"loc":{"start":{"line":5,"column":629},"end":{"line":5,"column":1076}},"line":5},"7":{"name":"(anonymous_7)","decl":{"start":{"line":7,"column":6},"end":{"line":7,"column":7}},"loc":{"start":{"line":7,"column":34},"end":{"line":16,"column":47}},"line":7},"8":{"name":"App","decl":{"start":{"line":7,"column":77},"end":{"line":7,"column":80}},"loc":{"start":{"line":7,"column":83},"end":{"line":7,"column":222}},"line":7},"9":{"name":"(anonymous_9)","decl":{"start":{"line":7,"column":265},"end":{"line":7,"column":266}},"loc":{"start":{"line":7,"column":277},"end":{"line":16,"column":28}},"line":7},"10":{"name":"render","decl":{"start":{"line":7,"column":287},"end":{"line":7,"column":293}},"loc":{"start":{"line":9,"column":12},"end":{"line":16,"column":13}},"line":9}},"branchMap":{"0":{"loc":{"start":{"line":1,"column":239},"end":{"line":1,"column":269}},"type":"binary-expr","locations":[{"start":{"line":1,"column":239},"end":{"line":1,"column":260}},{"start":{"line":1,"column":264},"end":{"line":1,"column":269}}],"line":1},"1":{"loc":{"start":{"line":1,"column":301},"end":{"line":1,"column":355}},"type":"if","locations":[{"start":{"line":1,"column":301},"end":{"line":1,"column":355}},{"start":{"line":1,"column":301},"end":{"line":1,"column":355}}],"line":1},"2":{"loc":{"start":{"line":1,"column":471},"end":{"line":1,"column":539}},"type":"if","locations":[{"start":{"line":1,"column":471},"end":{"line":1,"column":539}},{"start":{"line":1,"column":471},"end":{"line":1,"column":539}}],"line":1},"3":{"loc":{"start":{"line":1,"column":539},"end":{"line":1,"column":599}},"type":"if","locations":[{"start":{"line":1,"column":539},"end":{"line":1,"column":599}},{"start":{"line":1,"column":539},"end":{"line":1,"column":599}}],"line":1},"4":{"loc":{"start":{"line":5,"column":154},"end":{"line":5,"column":202}},"type":"cond-expr","locations":[{"start":{"line":5,"column":178},"end":{"line":5,"column":181}},{"start":{"line":5,"column":184},"end":{"line":5,"column":202}}],"line":5},"5":{"loc":{"start":{"line":5,"column":154},"end":{"line":5,"column":175}},"type":"binary-expr","locations":[{"start":{"line":5,"column":154},"end":{"line":5,"column":157}},{"start":{"line":5,"column":161},"end":{"line":5,"column":175}}],"line":5},"6":{"loc":{"start":{"line":5,"column":253},"end":{"line":5,"column":352}},"type":"if","locations":[{"start":{"line":5,"column":253},"end":{"line":5,"column":352}},{"start":{"line":5,"column":253},"end":{"line":5,"column":352}}],"line":5},"7":{"loc":{"start":{"line":5,"column":402},"end":{"line":5,"column":501}},"type":"if","locations":[{"start":{"line":5,"column":402},"end":{"line":5,"column":501}},{"start":{"line":5,"column":402},"end":{"line":5,"column":501}}],"line":5},"8":{"loc":{"start":{"line":5,"column":508},"end":{"line":5,"column":586}},"type":"cond-expr","locations":[{"start":{"line":5,"column":575},"end":{"line":5,"column":579}},{"start":{"line":5,"column":582},"end":{"line":5,"column":586}}],"line":5},"9":{"loc":{"start":{"line":5,"column":508},"end":{"line":5,"column":572}},"type":"binary-expr","locations":[{"start":{"line":5,"column":508},"end":{"line":5,"column":512}},{"start":{"line":5,"column":517},"end":{"line":5,"column":541}},{"start":{"line":5,"column":545},"end":{"line":5,"column":571}}],"line":5},"10":{"loc":{"start":{"line":5,"column":630},"end":{"line":5,"column":793}},"type":"if","locations":[{"start":{"line":5,"column":630},"end":{"line":5,"column":793}},{"start":{"line":5,"column":630},"end":{"line":5,"column":793}}],"line":5},"11":{"loc":{"start":{"line":5,"column":634},"end":{"line":5,"column":689}},"type":"binary-expr","locations":[{"start":{"line":5,"column":634},"end":{"line":5,"column":666}},{"start":{"line":5,"column":670},"end":{"line":5,"column":689}}],"line":5},"12":{"loc":{"start":{"line":5,"column":828},"end":{"line":5,"column":862}},"type":"binary-expr","locations":[{"start":{"line":5,"column":828},"end":{"line":5,"column":838}},{"start":{"line":5,"column":842},"end":{"line":5,"column":862}}],"line":5},"13":{"loc":{"start":{"line":5,"column":957},"end":{"line":5,"column":1075}},"type":"if","locations":[{"start":{"line":5,"column":957},"end":{"line":5,"column":1075}},{"start":{"line":5,"column":957},"end":{"line":5,"column":1075}}],"line":5},"14":{"loc":{"start":{"line":5,"column":973},"end":{"line":5,"column":1074}},"type":"cond-expr","locations":[{"start":{"line":5,"column":997},"end":{"line":5,"column":1040}},{"start":{"line":5,"column":1043},"end":{"line":5,"column":1074}}],"line":5},"15":{"loc":{"start":{"line":7,"column":152},"end":{"line":7,"column":195}},"type":"binary-expr","locations":[{"start":{"line":7,"column":152},"end":{"line":7,"column":165}},{"start":{"line":7,"column":169},"end":{"line":7,"column":195}}],"line":7}},"s":{"0":1,"1":1,"2":1,"3":1,"4":1,"5":1,"6":1,"7":1,"8":1,"9":1,"10":1,"11":1,"12":1,"13":0,"14":1,"15":1,"16":1,"17":1,"18":1,"19":1,"20":1,"21":1,"22":1,"23":4,"24":1,"25":0,"26":1,"27":0,"28":1,"29":1,"30":0,"31":1,"32":1,"33":1,"34":1,"35":1,"36":1,"37":1,"38":1,"39":1,"40":1,"41":1,"42":1},"f":{"0":1,"1":1,"2":1,"3":4,"4":1,"5":1,"6":1,"7":1,"8":1,"9":1,"10":1},"b":{"0":[1,1],"1":[1,0],"2":[1,0],"3":[0,1],"4":[2,2],"5":[4,4],"6":[0,1],"7":[0,1],"8":[0,1],"9":[1,0,0],"10":[0,1],"11":[1,0],"12":[1,1],"13":[1,0],"14":[1,0],"15":[1,0]},"_coverageSchema":"332fd63041d2c1bcb487cc26dd0d5f7d97098a6c","hash":"a70c50ed1be7510e755c714be26959c118dd6e04"}
,"C:\\Users\\577730\\Desktop\\Redux-rest\\client\\component\\input.js": {"path":"C:\\Users\\577730\\Desktop\\Redux-rest\\client\\component\\input.js","statementMap":{"0":{"start":{"line":1,"column":13},"end":{"line":1,"column":75}},"1":{"start":{"line":1,"column":94},"end":{"line":1,"column":623}},"2":{"start":{"line":1,"column":149},"end":{"line":1,"column":414}},"3":{"start":{"line":1,"column":206},"end":{"line":1,"column":214}},"4":{"start":{"line":1,"column":215},"end":{"line":1,"column":270}},"5":{"start":{"line":1,"column":270},"end":{"line":1,"column":301}},"6":{"start":{"line":1,"column":301},"end":{"line":1,"column":355}},"7":{"start":{"line":1,"column":328},"end":{"line":1,"column":355}},"8":{"start":{"line":1,"column":355},"end":{"line":1,"column":413}},"9":{"start":{"line":1,"column":415},"end":{"line":1,"column":620}},"10":{"start":{"line":1,"column":471},"end":{"line":1,"column":539}},"11":{"start":{"line":1,"column":487},"end":{"line":1,"column":539}},"12":{"start":{"line":1,"column":539},"end":{"line":1,"column":599}},"13":{"start":{"line":1,"column":556},"end":{"line":1,"column":599}},"14":{"start":{"line":1,"column":599},"end":{"line":1,"column":618}},"15":{"start":{"line":1,"column":637},"end":{"line":1,"column":653}},"16":{"start":{"line":1,"column":668},"end":{"line":1,"column":698}},"17":{"start":{"line":2,"column":13},"end":{"line":2,"column":29}},"18":{"start":{"line":2,"column":44},"end":{"line":2,"column":74}},"19":{"start":{"line":3,"column":18},"end":{"line":3,"column":40}},"20":{"start":{"line":4,"column":13},"end":{"line":4,"column":29}},"21":{"start":{"line":5,"column":19},"end":{"line":5,"column":42}},"22":{"start":{"line":8,"column":19},"end":{"line":8,"column":53}},"23":{"start":{"line":8,"column":72},"end":{"line":8,"column":109}},"24":{"start":{"line":8,"column":149},"end":{"line":8,"column":368}},"25":{"start":{"line":8,"column":177},"end":{"line":8,"column":188}},"26":{"start":{"line":8,"column":209},"end":{"line":8,"column":211}},"27":{"start":{"line":8,"column":212},"end":{"line":8,"column":329}},"28":{"start":{"line":8,"column":230},"end":{"line":8,"column":328}},"29":{"start":{"line":8,"column":252},"end":{"line":8,"column":327}},"30":{"start":{"line":8,"column":304},"end":{"line":8,"column":327}},"31":{"start":{"line":8,"column":329},"end":{"line":8,"column":353}},"32":{"start":{"line":8,"column":353},"end":{"line":8,"column":367}},"33":{"start":{"line":8,"column":407},"end":{"line":8,"column":463}},"34":{"start":{"line":8,"column":513},"end":{"line":8,"column":612}},"35":{"start":{"line":8,"column":554},"end":{"line":8,"column":611}},"36":{"start":{"line":8,"column":662},"end":{"line":8,"column":761}},"37":{"start":{"line":8,"column":674},"end":{"line":8,"column":760}},"38":{"start":{"line":8,"column":761},"end":{"line":8,"column":847}},"39":{"start":{"line":8,"column":890},"end":{"line":8,"column":1053}},"40":{"start":{"line":8,"column":952},"end":{"line":8,"column":1052}},"41":{"start":{"line":8,"column":1053},"end":{"line":8,"column":1217}},"42":{"start":{"line":8,"column":1217},"end":{"line":8,"column":1335}},"43":{"start":{"line":8,"column":1233},"end":{"line":8,"column":1335}},"44":{"start":{"line":10,"column":8},"end":{"line":50,"column":79}},"45":{"start":{"line":10,"column":37},"end":{"line":10,"column":72}},"46":{"start":{"line":11,"column":22},"end":{"line":11,"column":51}},"47":{"start":{"line":11,"column":51},"end":{"line":11,"column":153}},"48":{"start":{"line":13,"column":5},"end":{"line":50,"column":35}},"49":{"start":{"line":15,"column":16},"end":{"line":15,"column":39}},"50":{"start":{"line":16,"column":28},"end":{"line":16,"column":85}},"51":{"start":{"line":17,"column":16},"end":{"line":17,"column":53}},"52":{"start":{"line":18,"column":16},"end":{"line":18,"column":62}},"53":{"start":{"line":19,"column":13},"end":{"line":19,"column":32}},"54":{"start":{"line":21,"column":26},"end":{"line":21,"column":30}},"55":{"start":{"line":22,"column":16},"end":{"line":42,"column":132}},"56":{"start":{"line":31,"column":107},"end":{"line":31,"column":128}},"57":{"start":{"line":31,"column":129},"end":{"line":31,"column":140}},"58":{"start":{"line":37,"column":113},"end":{"line":37,"column":140}},"59":{"start":{"line":37,"column":141},"end":{"line":37,"column":152}},"60":{"start":{"line":50,"column":13},"end":{"line":50,"column":27}},"61":{"start":{"line":50,"column":35},"end":{"line":50,"column":48}},"62":{"start":{"line":54,"column":4},"end":{"line":55,"column":35}},"63":{"start":{"line":60,"column":4},"end":{"line":61,"column":72}},"64":{"start":{"line":63,"column":1},"end":{"line":65,"column":69}}},"fnMap":{"0":{"name":"(anonymous_0)","decl":{"start":{"line":1,"column":94},"end":{"line":1,"column":95}},"loc":{"start":{"line":1,"column":106},"end":{"line":1,"column":621}},"line":1},"1":{"name":"defineProperties","decl":{"start":{"line":1,"column":116},"end":{"line":1,"column":132}},"loc":{"start":{"line":1,"column":148},"end":{"line":1,"column":415}},"line":1},"2":{"name":"(anonymous_2)","decl":{"start":{"line":1,"column":422},"end":{"line":1,"column":423}},"loc":{"start":{"line":1,"column":470},"end":{"line":1,"column":619}},"line":1},"3":{"name":"_interopRequireWildcard","decl":{"start":{"line":8,"column":119},"end":{"line":8,"column":142}},"loc":{"start":{"line":8,"column":148},"end":{"line":8,"column":369}},"line":8},"4":{"name":"_interopRequireDefault","decl":{"start":{"line":8,"column":378},"end":{"line":8,"column":400}},"loc":{"start":{"line":8,"column":406},"end":{"line":8,"column":464}},"line":8},"5":{"name":"_classCallCheck","decl":{"start":{"line":8,"column":473},"end":{"line":8,"column":488}},"loc":{"start":{"line":8,"column":512},"end":{"line":8,"column":613}},"line":8},"6":{"name":"_possibleConstructorReturn","decl":{"start":{"line":8,"column":622},"end":{"line":8,"column":648}},"loc":{"start":{"line":8,"column":661},"end":{"line":8,"column":848}},"line":8},"7":{"name":"_inherits","decl":{"start":{"line":8,"column":857},"end":{"line":8,"column":866}},"loc":{"start":{"line":8,"column":889},"end":{"line":8,"column":1336}},"line":8},"8":{"name":"(anonymous_8)","decl":{"start":{"line":10,"column":8},"end":{"line":10,"column":9}},"loc":{"start":{"line":10,"column":36},"end":{"line":50,"column":49}},"line":10},"9":{"name":"Input","decl":{"start":{"line":11,"column":13},"end":{"line":11,"column":18}},"loc":{"start":{"line":11,"column":21},"end":{"line":13,"column":5}},"line":11},"10":{"name":"(anonymous_10)","decl":{"start":{"line":13,"column":55},"end":{"line":13,"column":56}},"loc":{"start":{"line":13,"column":67},"end":{"line":19,"column":33}},"line":13},"11":{"name":"updateState","decl":{"start":{"line":13,"column":77},"end":{"line":13,"column":88}},"loc":{"start":{"line":14,"column":19},"end":{"line":19,"column":13}},"line":14},"12":{"name":"(anonymous_12)","decl":{"start":{"line":19,"column":63},"end":{"line":19,"column":64}},"loc":{"start":{"line":19,"column":75},"end":{"line":50,"column":28}},"line":19},"13":{"name":"render","decl":{"start":{"line":19,"column":85},"end":{"line":19,"column":91}},"loc":{"start":{"line":21,"column":12},"end":{"line":50,"column":13}},"line":21},"14":{"name":"(anonymous_14)","decl":{"start":{"line":31,"column":73},"end":{"line":31,"column":74}},"loc":{"start":{"line":31,"column":85},"end":{"line":31,"column":141}},"line":31},"15":{"name":"ref","decl":{"start":{"line":31,"column":95},"end":{"line":31,"column":98}},"loc":{"start":{"line":31,"column":106},"end":{"line":31,"column":129}},"line":31},"16":{"name":"(anonymous_16)","decl":{"start":{"line":37,"column":76},"end":{"line":37,"column":77}},"loc":{"start":{"line":37,"column":88},"end":{"line":37,"column":153}},"line":37},"17":{"name":"ref","decl":{"start":{"line":37,"column":98},"end":{"line":37,"column":101}},"loc":{"start":{"line":37,"column":112},"end":{"line":37,"column":141}},"line":37},"18":{"name":"mapStateToProps","decl":{"start":{"line":53,"column":9},"end":{"line":53,"column":24}},"loc":{"start":{"line":53,"column":32},"end":{"line":57,"column":1}},"line":53},"19":{"name":"mapDispatchToProps","decl":{"start":{"line":59,"column":9},"end":{"line":59,"column":27}},"loc":{"start":{"line":59,"column":38},"end":{"line":63,"column":1}},"line":59}},"branchMap":{"0":{"loc":{"start":{"line":1,"column":239},"end":{"line":1,"column":269}},"type":"binary-expr","locations":[{"start":{"line":1,"column":239},"end":{"line":1,"column":260}},{"start":{"line":1,"column":264},"end":{"line":1,"column":269}}],"line":1},"1":{"loc":{"start":{"line":1,"column":301},"end":{"line":1,"column":355}},"type":"if","locations":[{"start":{"line":1,"column":301},"end":{"line":1,"column":355}},{"start":{"line":1,"column":301},"end":{"line":1,"column":355}}],"line":1},"2":{"loc":{"start":{"line":1,"column":471},"end":{"line":1,"column":539}},"type":"if","locations":[{"start":{"line":1,"column":471},"end":{"line":1,"column":539}},{"start":{"line":1,"column":471},"end":{"line":1,"column":539}}],"line":1},"3":{"loc":{"start":{"line":1,"column":539},"end":{"line":1,"column":599}},"type":"if","locations":[{"start":{"line":1,"column":539},"end":{"line":1,"column":599}},{"start":{"line":1,"column":539},"end":{"line":1,"column":599}}],"line":1},"4":{"loc":{"start":{"line":8,"column":149},"end":{"line":8,"column":368}},"type":"if","locations":[{"start":{"line":8,"column":149},"end":{"line":8,"column":368}},{"start":{"line":8,"column":149},"end":{"line":8,"column":368}}],"line":8},"5":{"loc":{"start":{"line":8,"column":153},"end":{"line":8,"column":174}},"type":"binary-expr","locations":[{"start":{"line":8,"column":153},"end":{"line":8,"column":156}},{"start":{"line":8,"column":160},"end":{"line":8,"column":174}}],"line":8},"6":{"loc":{"start":{"line":8,"column":212},"end":{"line":8,"column":329}},"type":"if","locations":[{"start":{"line":8,"column":212},"end":{"line":8,"column":329}},{"start":{"line":8,"column":212},"end":{"line":8,"column":329}}],"line":8},"7":{"loc":{"start":{"line":8,"column":252},"end":{"line":8,"column":327}},"type":"if","locations":[{"start":{"line":8,"column":252},"end":{"line":8,"column":327}},{"start":{"line":8,"column":252},"end":{"line":8,"column":327}}],"line":8},"8":{"loc":{"start":{"line":8,"column":414},"end":{"line":8,"column":462}},"type":"cond-expr","locations":[{"start":{"line":8,"column":438},"end":{"line":8,"column":441}},{"start":{"line":8,"column":444},"end":{"line":8,"column":462}}],"line":8},"9":{"loc":{"start":{"line":8,"column":414},"end":{"line":8,"column":435}},"type":"binary-expr","locations":[{"start":{"line":8,"column":414},"end":{"line":8,"column":417}},{"start":{"line":8,"column":421},"end":{"line":8,"column":435}}],"line":8},"10":{"loc":{"start":{"line":8,"column":513},"end":{"line":8,"column":612}},"type":"if","locations":[{"start":{"line":8,"column":513},"end":{"line":8,"column":612}},{"start":{"line":8,"column":513},"end":{"line":8,"column":612}}],"line":8},"11":{"loc":{"start":{"line":8,"column":662},"end":{"line":8,"column":761}},"type":"if","locations":[{"start":{"line":8,"column":662},"end":{"line":8,"column":761}},{"start":{"line":8,"column":662},"end":{"line":8,"column":761}}],"line":8},"12":{"loc":{"start":{"line":8,"column":768},"end":{"line":8,"column":846}},"type":"cond-expr","locations":[{"start":{"line":8,"column":835},"end":{"line":8,"column":839}},{"start":{"line":8,"column":842},"end":{"line":8,"column":846}}],"line":8},"13":{"loc":{"start":{"line":8,"column":768},"end":{"line":8,"column":832}},"type":"binary-expr","locations":[{"start":{"line":8,"column":768},"end":{"line":8,"column":772}},{"start":{"line":8,"column":777},"end":{"line":8,"column":801}},{"start":{"line":8,"column":805},"end":{"line":8,"column":831}}],"line":8},"14":{"loc":{"start":{"line":8,"column":890},"end":{"line":8,"column":1053}},"type":"if","locations":[{"start":{"line":8,"column":890},"end":{"line":8,"column":1053}},{"start":{"line":8,"column":890},"end":{"line":8,"column":1053}}],"line":8},"15":{"loc":{"start":{"line":8,"column":894},"end":{"line":8,"column":949}},"type":"binary-expr","locations":[{"start":{"line":8,"column":894},"end":{"line":8,"column":926}},{"start":{"line":8,"column":930},"end":{"line":8,"column":949}}],"line":8},"16":{"loc":{"start":{"line":8,"column":1088},"end":{"line":8,"column":1122}},"type":"binary-expr","locations":[{"start":{"line":8,"column":1088},"end":{"line":8,"column":1098}},{"start":{"line":8,"column":1102},"end":{"line":8,"column":1122}}],"line":8},"17":{"loc":{"start":{"line":8,"column":1217},"end":{"line":8,"column":1335}},"type":"if","locations":[{"start":{"line":8,"column":1217},"end":{"line":8,"column":1335}},{"start":{"line":8,"column":1217},"end":{"line":8,"column":1335}}],"line":8},"18":{"loc":{"start":{"line":8,"column":1233},"end":{"line":8,"column":1334}},"type":"cond-expr","locations":[{"start":{"line":8,"column":1257},"end":{"line":8,"column":1300}},{"start":{"line":8,"column":1303},"end":{"line":8,"column":1334}}],"line":8},"19":{"loc":{"start":{"line":11,"column":92},"end":{"line":11,"column":139}},"type":"binary-expr","locations":[{"start":{"line":11,"column":92},"end":{"line":11,"column":107}},{"start":{"line":11,"column":111},"end":{"line":11,"column":139}}],"line":11}},"s":{"0":1,"1":1,"2":1,"3":2,"4":2,"5":2,"6":2,"7":2,"8":2,"9":1,"10":1,"11":1,"12":1,"13":0,"14":1,"15":1,"16":1,"17":1,"18":1,"19":1,"20":1,"21":1,"22":1,"23":1,"24":1,"25":1,"26":0,"27":0,"28":0,"29":0,"30":0,"31":0,"32":0,"33":2,"34":0,"35":0,"36":0,"37":0,"38":0,"39":1,"40":0,"41":1,"42":1,"43":1,"44":1,"45":1,"46":0,"47":0,"48":1,"49":0,"50":0,"51":0,"52":0,"53":1,"54":0,"55":0,"56":0,"57":0,"58":0,"59":0,"60":1,"61":1,"62":0,"63":0,"64":1},"f":{"0":1,"1":1,"2":1,"3":1,"4":2,"5":0,"6":0,"7":1,"8":1,"9":0,"10":1,"11":0,"12":1,"13":0,"14":0,"15":0,"16":0,"17":0,"18":0,"19":0},"b":{"0":[2,2],"1":[2,0],"2":[1,0],"3":[0,1],"4":[1,0],"5":[1,1],"6":[0,0],"7":[0,0],"8":[0,2],"9":[2,2],"10":[0,0],"11":[0,0],"12":[0,0],"13":[0,0,0],"14":[0,1],"15":[1,0],"16":[1,1],"17":[1,0],"18":[1,0],"19":[0,0]},"_coverageSchema":"332fd63041d2c1bcb487cc26dd0d5f7d97098a6c","hash":"24dc69ee9b24ca7133918ea347b9c9065decfaac"}
,"C:\\Users\\577730\\Desktop\\Redux-rest\\client\\component\\navigation.js": {"path":"C:\\Users\\577730\\Desktop\\Redux-rest\\client\\component\\navigation.js","statementMap":{"0":{"start":{"line":1,"column":13},"end":{"line":1,"column":75}},"1":{"start":{"line":1,"column":88},"end":{"line":1,"column":104}},"2":{"start":{"line":1,"column":119},"end":{"line":1,"column":149}},"3":{"start":{"line":2,"column":19},"end":{"line":2,"column":42}},"4":{"start":{"line":3,"column":18},"end":{"line":3,"column":40}},"5":{"start":{"line":3,"column":79},"end":{"line":3,"column":135}},"6":{"start":{"line":5,"column":17},"end":{"line":16,"column":1}},"7":{"start":{"line":6,"column":4},"end":{"line":11,"column":262}},"8":{"start":{"line":18,"column":4},"end":{"line":19,"column":35}},"9":{"start":{"line":21,"column":1},"end":{"line":23,"column":54}}},"fnMap":{"0":{"name":"_interopRequireDefault","decl":{"start":{"line":3,"column":50},"end":{"line":3,"column":72}},"loc":{"start":{"line":3,"column":78},"end":{"line":3,"column":136}},"line":3},"1":{"name":"Navigation","decl":{"start":{"line":5,"column":26},"end":{"line":5,"column":36}},"loc":{"start":{"line":5,"column":44},"end":{"line":16,"column":1}},"line":5},"2":{"name":"mapStateToProps","decl":{"start":{"line":17,"column":9},"end":{"line":17,"column":24}},"loc":{"start":{"line":17,"column":32},"end":{"line":21,"column":1}},"line":17}},"branchMap":{"0":{"loc":{"start":{"line":3,"column":86},"end":{"line":3,"column":134}},"type":"cond-expr","locations":[{"start":{"line":3,"column":110},"end":{"line":3,"column":113}},{"start":{"line":3,"column":116},"end":{"line":3,"column":134}}],"line":3},"1":{"loc":{"start":{"line":3,"column":86},"end":{"line":3,"column":107}},"type":"binary-expr","locations":[{"start":{"line":3,"column":86},"end":{"line":3,"column":89}},{"start":{"line":3,"column":93},"end":{"line":3,"column":107}}],"line":3}},"s":{"0":1,"1":1,"2":1,"3":1,"4":1,"5":1,"6":1,"7":0,"8":0,"9":1},"f":{"0":1,"1":0,"2":0},"b":{"0":[0,1],"1":[1,1]},"_coverageSchema":"332fd63041d2c1bcb487cc26dd0d5f7d97098a6c","hash":"56ceb718540bd7815ff805bf896fcab01e362fc6"}
,"C:\\Users\\577730\\Desktop\\Redux-rest\\client\\component\\printingState.js": {"path":"C:\\Users\\577730\\Desktop\\Redux-rest\\client\\component\\printingState.js","statementMap":{"0":{"start":{"line":1,"column":13},"end":{"line":1,"column":75}},"1":{"start":{"line":1,"column":94},"end":{"line":1,"column":623}},"2":{"start":{"line":1,"column":149},"end":{"line":1,"column":414}},"3":{"start":{"line":1,"column":206},"end":{"line":1,"column":214}},"4":{"start":{"line":1,"column":215},"end":{"line":1,"column":270}},"5":{"start":{"line":1,"column":270},"end":{"line":1,"column":301}},"6":{"start":{"line":1,"column":301},"end":{"line":1,"column":355}},"7":{"start":{"line":1,"column":328},"end":{"line":1,"column":355}},"8":{"start":{"line":1,"column":355},"end":{"line":1,"column":413}},"9":{"start":{"line":1,"column":415},"end":{"line":1,"column":620}},"10":{"start":{"line":1,"column":471},"end":{"line":1,"column":539}},"11":{"start":{"line":1,"column":487},"end":{"line":1,"column":539}},"12":{"start":{"line":1,"column":539},"end":{"line":1,"column":599}},"13":{"start":{"line":1,"column":556},"end":{"line":1,"column":599}},"14":{"start":{"line":1,"column":599},"end":{"line":1,"column":618}},"15":{"start":{"line":1,"column":637},"end":{"line":1,"column":653}},"16":{"start":{"line":1,"column":668},"end":{"line":1,"column":698}},"17":{"start":{"line":2,"column":18},"end":{"line":2,"column":40}},"18":{"start":{"line":4,"column":18},"end":{"line":4,"column":41}},"19":{"start":{"line":4,"column":61},"end":{"line":4,"column":96}},"20":{"start":{"line":4,"column":135},"end":{"line":4,"column":191}},"21":{"start":{"line":4,"column":241},"end":{"line":4,"column":340}},"22":{"start":{"line":4,"column":282},"end":{"line":4,"column":339}},"23":{"start":{"line":4,"column":390},"end":{"line":4,"column":489}},"24":{"start":{"line":4,"column":402},"end":{"line":4,"column":488}},"25":{"start":{"line":4,"column":489},"end":{"line":4,"column":575}},"26":{"start":{"line":4,"column":618},"end":{"line":4,"column":781}},"27":{"start":{"line":4,"column":680},"end":{"line":4,"column":780}},"28":{"start":{"line":4,"column":781},"end":{"line":4,"column":945}},"29":{"start":{"line":4,"column":945},"end":{"line":4,"column":1063}},"30":{"start":{"line":4,"column":961},"end":{"line":4,"column":1063}},"31":{"start":{"line":6,"column":16},"end":{"line":39,"column":87}},"32":{"start":{"line":6,"column":45},"end":{"line":6,"column":88}},"33":{"start":{"line":6,"column":114},"end":{"line":6,"column":151}},"34":{"start":{"line":6,"column":151},"end":{"line":6,"column":281}},"35":{"start":{"line":6,"column":282},"end":{"line":39,"column":35}},"36":{"start":{"line":8,"column":16},"end":{"line":28,"column":17}},"37":{"start":{"line":9,"column":20},"end":{"line":9,"column":72}},"38":{"start":{"line":12,"column":20},"end":{"line":22,"column":167}},"39":{"start":{"line":29,"column":13},"end":{"line":29,"column":30}},"40":{"start":{"line":31,"column":16},"end":{"line":35,"column":53}},"41":{"start":{"line":39,"column":13},"end":{"line":39,"column":27}},"42":{"start":{"line":39,"column":35},"end":{"line":39,"column":56}},"43":{"start":{"line":44,"column":4},"end":{"line":45,"column":35}},"44":{"start":{"line":47,"column":1},"end":{"line":49,"column":57}}},"fnMap":{"0":{"name":"(anonymous_0)","decl":{"start":{"line":1,"column":94},"end":{"line":1,"column":95}},"loc":{"start":{"line":1,"column":106},"end":{"line":1,"column":621}},"line":1},"1":{"name":"defineProperties","decl":{"start":{"line":1,"column":116},"end":{"line":1,"column":132}},"loc":{"start":{"line":1,"column":148},"end":{"line":1,"column":415}},"line":1},"2":{"name":"(anonymous_2)","decl":{"start":{"line":1,"column":422},"end":{"line":1,"column":423}},"loc":{"start":{"line":1,"column":470},"end":{"line":1,"column":619}},"line":1},"3":{"name":"_interopRequireDefault","decl":{"start":{"line":4,"column":106},"end":{"line":4,"column":128}},"loc":{"start":{"line":4,"column":134},"end":{"line":4,"column":192}},"line":4},"4":{"name":"_classCallCheck","decl":{"start":{"line":4,"column":201},"end":{"line":4,"column":216}},"loc":{"start":{"line":4,"column":240},"end":{"line":4,"column":341}},"line":4},"5":{"name":"_possibleConstructorReturn","decl":{"start":{"line":4,"column":350},"end":{"line":4,"column":376}},"loc":{"start":{"line":4,"column":389},"end":{"line":4,"column":576}},"line":4},"6":{"name":"_inherits","decl":{"start":{"line":4,"column":585},"end":{"line":4,"column":594}},"loc":{"start":{"line":4,"column":617},"end":{"line":4,"column":1064}},"line":4},"7":{"name":"(anonymous_7)","decl":{"start":{"line":6,"column":16},"end":{"line":6,"column":17}},"loc":{"start":{"line":6,"column":44},"end":{"line":39,"column":57}},"line":6},"8":{"name":"PrintingState","decl":{"start":{"line":6,"column":97},"end":{"line":6,"column":110}},"loc":{"start":{"line":6,"column":113},"end":{"line":6,"column":282}},"line":6},"9":{"name":"(anonymous_9)","decl":{"start":{"line":6,"column":338},"end":{"line":6,"column":339}},"loc":{"start":{"line":6,"column":350},"end":{"line":29,"column":31}},"line":6},"10":{"name":"showInput","decl":{"start":{"line":6,"column":360},"end":{"line":6,"column":369}},"loc":{"start":{"line":7,"column":12},"end":{"line":29,"column":13}},"line":7},"11":{"name":"(anonymous_11)","decl":{"start":{"line":29,"column":61},"end":{"line":29,"column":62}},"loc":{"start":{"line":29,"column":73},"end":{"line":39,"column":28}},"line":29},"12":{"name":"render","decl":{"start":{"line":29,"column":83},"end":{"line":29,"column":89}},"loc":{"start":{"line":30,"column":12},"end":{"line":39,"column":13}},"line":30},"13":{"name":"mapStateToProps","decl":{"start":{"line":43,"column":9},"end":{"line":43,"column":24}},"loc":{"start":{"line":43,"column":32},"end":{"line":47,"column":1}},"line":43}},"branchMap":{"0":{"loc":{"start":{"line":1,"column":239},"end":{"line":1,"column":269}},"type":"binary-expr","locations":[{"start":{"line":1,"column":239},"end":{"line":1,"column":260}},{"start":{"line":1,"column":264},"end":{"line":1,"column":269}}],"line":1},"1":{"loc":{"start":{"line":1,"column":301},"end":{"line":1,"column":355}},"type":"if","locations":[{"start":{"line":1,"column":301},"end":{"line":1,"column":355}},{"start":{"line":1,"column":301},"end":{"line":1,"column":355}}],"line":1},"2":{"loc":{"start":{"line":1,"column":471},"end":{"line":1,"column":539}},"type":"if","locations":[{"start":{"line":1,"column":471},"end":{"line":1,"column":539}},{"start":{"line":1,"column":471},"end":{"line":1,"column":539}}],"line":1},"3":{"loc":{"start":{"line":1,"column":539},"end":{"line":1,"column":599}},"type":"if","locations":[{"start":{"line":1,"column":539},"end":{"line":1,"column":599}},{"start":{"line":1,"column":539},"end":{"line":1,"column":599}}],"line":1},"4":{"loc":{"start":{"line":4,"column":142},"end":{"line":4,"column":190}},"type":"cond-expr","locations":[{"start":{"line":4,"column":166},"end":{"line":4,"column":169}},{"start":{"line":4,"column":172},"end":{"line":4,"column":190}}],"line":4},"5":{"loc":{"start":{"line":4,"column":142},"end":{"line":4,"column":163}},"type":"binary-expr","locations":[{"start":{"line":4,"column":142},"end":{"line":4,"column":145}},{"start":{"line":4,"column":149},"end":{"line":4,"column":163}}],"line":4},"6":{"loc":{"start":{"line":4,"column":241},"end":{"line":4,"column":340}},"type":"if","locations":[{"start":{"line":4,"column":241},"end":{"line":4,"column":340}},{"start":{"line":4,"column":241},"end":{"line":4,"column":340}}],"line":4},"7":{"loc":{"start":{"line":4,"column":390},"end":{"line":4,"column":489}},"type":"if","locations":[{"start":{"line":4,"column":390},"end":{"line":4,"column":489}},{"start":{"line":4,"column":390},"end":{"line":4,"column":489}}],"line":4},"8":{"loc":{"start":{"line":4,"column":496},"end":{"line":4,"column":574}},"type":"cond-expr","locations":[{"start":{"line":4,"column":563},"end":{"line":4,"column":567}},{"start":{"line":4,"column":570},"end":{"line":4,"column":574}}],"line":4},"9":{"loc":{"start":{"line":4,"column":496},"end":{"line":4,"column":560}},"type":"binary-expr","locations":[{"start":{"line":4,"column":496},"end":{"line":4,"column":500}},{"start":{"line":4,"column":505},"end":{"line":4,"column":529}},{"start":{"line":4,"column":533},"end":{"line":4,"column":559}}],"line":4},"10":{"loc":{"start":{"line":4,"column":618},"end":{"line":4,"column":781}},"type":"if","locations":[{"start":{"line":4,"column":618},"end":{"line":4,"column":781}},{"start":{"line":4,"column":618},"end":{"line":4,"column":781}}],"line":4},"11":{"loc":{"start":{"line":4,"column":622},"end":{"line":4,"column":677}},"type":"binary-expr","locations":[{"start":{"line":4,"column":622},"end":{"line":4,"column":654}},{"start":{"line":4,"column":658},"end":{"line":4,"column":677}}],"line":4},"12":{"loc":{"start":{"line":4,"column":816},"end":{"line":4,"column":850}},"type":"binary-expr","locations":[{"start":{"line":4,"column":816},"end":{"line":4,"column":826}},{"start":{"line":4,"column":830},"end":{"line":4,"column":850}}],"line":4},"13":{"loc":{"start":{"line":4,"column":945},"end":{"line":4,"column":1063}},"type":"if","locations":[{"start":{"line":4,"column":945},"end":{"line":4,"column":1063}},{"start":{"line":4,"column":945},"end":{"line":4,"column":1063}}],"line":4},"14":{"loc":{"start":{"line":4,"column":961},"end":{"line":4,"column":1062}},"type":"cond-expr","locations":[{"start":{"line":4,"column":985},"end":{"line":4,"column":1028}},{"start":{"line":4,"column":1031},"end":{"line":4,"column":1062}}],"line":4},"15":{"loc":{"start":{"line":6,"column":192},"end":{"line":6,"column":255}},"type":"binary-expr","locations":[{"start":{"line":6,"column":192},"end":{"line":6,"column":215}},{"start":{"line":6,"column":219},"end":{"line":6,"column":255}}],"line":6},"16":{"loc":{"start":{"line":8,"column":16},"end":{"line":28,"column":17}},"type":"if","locations":[{"start":{"line":8,"column":16},"end":{"line":28,"column":17}},{"start":{"line":8,"column":16},"end":{"line":28,"column":17}}],"line":8},"17":{"loc":{"start":{"line":8,"column":20},"end":{"line":8,"column":70}},"type":"binary-expr","locations":[{"start":{"line":8,"column":20},"end":{"line":8,"column":41}},{"start":{"line":8,"column":45},"end":{"line":8,"column":70}}],"line":8}},"s":{"0":1,"1":1,"2":1,"3":2,"4":2,"5":2,"6":2,"7":2,"8":2,"9":1,"10":1,"11":1,"12":1,"13":0,"14":1,"15":1,"16":1,"17":1,"18":1,"19":1,"20":2,"21":0,"22":0,"23":0,"24":0,"25":0,"26":1,"27":0,"28":1,"29":1,"30":1,"31":1,"32":1,"33":0,"34":0,"35":1,"36":0,"37":0,"38":0,"39":1,"40":0,"41":1,"42":1,"43":0,"44":1},"f":{"0":1,"1":1,"2":1,"3":2,"4":0,"5":0,"6":1,"7":1,"8":0,"9":1,"10":0,"11":1,"12":0,"13":0},"b":{"0":[2,2],"1":[2,0],"2":[1,0],"3":[0,1],"4":[1,1],"5":[2,2],"6":[0,0],"7":[0,0],"8":[0,0],"9":[0,0,0],"10":[0,1],"11":[1,0],"12":[1,1],"13":[1,0],"14":[1,0],"15":[0,0],"16":[0,0],"17":[0,0]},"_coverageSchema":"332fd63041d2c1bcb487cc26dd0d5f7d97098a6c","hash":"ab634739ab07fcba8f4bfb0c31915ac02594871c"}
,"C:\\Users\\577730\\Desktop\\Redux-rest\\client\\component\\__tests__\\app-test.js": {"path":"C:\\Users\\577730\\Desktop\\Redux-rest\\client\\component\\__tests__\\app-test.js","statementMap":{"0":{"start":{"line":1,"column":26},"end":{"line":1,"column":42}},"1":{"start":{"line":1,"column":57},"end":{"line":1,"column":87}},"2":{"start":{"line":2,"column":14},"end":{"line":2,"column":31}},"3":{"start":{"line":3,"column":11},"end":{"line":3,"column":28}},"4":{"start":{"line":3,"column":41},"end":{"line":3,"column":69}},"5":{"start":{"line":4,"column":13},"end":{"line":4,"column":32}},"6":{"start":{"line":4,"column":47},"end":{"line":4,"column":77}},"7":{"start":{"line":6,"column":26},"end":{"line":6,"column":60}},"8":{"start":{"line":6,"column":88},"end":{"line":6,"column":131}},"9":{"start":{"line":6,"column":170},"end":{"line":6,"column":226}},"10":{"start":{"line":8,"column":0},"end":{"line":8,"column":75}},"11":{"start":{"line":11,"column":0},"end":{"line":20,"column":3}},"12":{"start":{"line":12,"column":2},"end":{"line":17,"column":5}},"13":{"start":{"line":13,"column":4},"end":{"line":16,"column":15}}},"fnMap":{"0":{"name":"_interopRequireDefault","decl":{"start":{"line":6,"column":141},"end":{"line":6,"column":163}},"loc":{"start":{"line":6,"column":169},"end":{"line":6,"column":227}},"line":6},"1":{"name":"(anonymous_1)","decl":{"start":{"line":11,"column":20},"end":{"line":11,"column":21}},"loc":{"start":{"line":11,"column":32},"end":{"line":20,"column":1}},"line":11},"2":{"name":"(anonymous_2)","decl":{"start":{"line":12,"column":48},"end":{"line":12,"column":49}},"loc":{"start":{"line":12,"column":60},"end":{"line":17,"column":3}},"line":12}},"branchMap":{"0":{"loc":{"start":{"line":6,"column":177},"end":{"line":6,"column":225}},"type":"cond-expr","locations":[{"start":{"line":6,"column":201},"end":{"line":6,"column":204}},{"start":{"line":6,"column":207},"end":{"line":6,"column":225}}],"line":6},"1":{"loc":{"start":{"line":6,"column":177},"end":{"line":6,"column":198}},"type":"binary-expr","locations":[{"start":{"line":6,"column":177},"end":{"line":6,"column":180}},{"start":{"line":6,"column":184},"end":{"line":6,"column":198}}],"line":6}},"s":{"0":1,"1":1,"2":1,"3":1,"4":1,"5":1,"6":1,"7":1,"8":1,"9":4,"10":1,"11":1,"12":1,"13":1},"f":{"0":4,"1":1,"2":1},"b":{"0":[2,2],"1":[4,4]},"_coverageSchema":"332fd63041d2c1bcb487cc26dd0d5f7d97098a6c","hash":"d2887407f79429138debbe21063973b3c173ec5c"}
}
