TN:
SF:C:\Users\577730\Desktop\Redux-rest\client\actions\input-action.js
FN:1,_interopRequireDefault
FN:3,takingInput
FN:4,(anonymous_2)
FN:13,(anonymous_3)
FN:16,(anonymous_4)
FNF:5
FNH:1
FNDA:1,_interopRequireDefault
FNDA:0,takingInput
FNDA:0,(anonymous_2)
FNDA:0,(anonymous_3)
FNDA:0,(anonymous_4)
DA:1,1
DA:3,1
DA:4,0
DA:5,0
DA:9,0
LF:5
LH:2
BRDA:1,0,0,0
BRDA:1,0,1,1
BRDA:1,1,0,1
BRDA:1,1,1,1
BRF:4
BRH:3
end_of_record
TN:
SF:C:\Users\577730\Desktop\Redux-rest\client\component\app.js
FN:1,(anonymous_0)
FN:1,defineProperties
FN:1,(anonymous_2)
FN:5,_interopRequireDefault
FN:5,_classCallCheck
FN:5,_possibleConstructorReturn
FN:5,_inherits
FN:7,(anonymous_7)
FN:7,App
FN:7,(anonymous_9)
FN:7,render
FNF:11
FNH:11
FNDA:1,(anonymous_0)
FNDA:1,defineProperties
FNDA:1,(anonymous_2)
FNDA:4,_interopRequireDefault
FNDA:1,_classCallCheck
FNDA:1,_possibleConstructorReturn
FNDA:1,_inherits
FNDA:1,(anonymous_7)
FNDA:1,App
FNDA:1,(anonymous_9)
FNDA:1,render
DA:1,1
DA:3,1
DA:4,1
DA:5,4
DA:7,1
DA:10,1
DA:16,1
LF:7
LH:7
BRDA:1,0,0,1
BRDA:1,0,1,1
BRDA:1,1,0,1
BRDA:1,1,1,0
BRDA:1,2,0,1
BRDA:1,2,1,0
BRDA:1,3,0,0
BRDA:1,3,1,1
BRDA:5,4,0,2
BRDA:5,4,1,2
BRDA:5,5,0,4
BRDA:5,5,1,4
BRDA:5,6,0,0
BRDA:5,6,1,1
BRDA:5,7,0,0
BRDA:5,7,1,1
BRDA:5,8,0,0
BRDA:5,8,1,1
BRDA:5,9,0,1
BRDA:5,9,1,0
BRDA:5,9,2,0
BRDA:5,10,0,0
BRDA:5,10,1,1
BRDA:5,11,0,1
BRDA:5,11,1,0
BRDA:5,12,0,1
BRDA:5,12,1,1
BRDA:5,13,0,1
BRDA:5,13,1,0
BRDA:5,14,0,1
BRDA:5,14,1,0
BRDA:7,15,0,1
BRDA:7,15,1,0
BRF:33
BRH:20
end_of_record
TN:
SF:C:\Users\577730\Desktop\Redux-rest\client\component\input.js
FN:1,(anonymous_0)
FN:1,defineProperties
FN:1,(anonymous_2)
FN:8,_interopRequireWildcard
FN:8,_interopRequireDefault
FN:8,_classCallCheck
FN:8,_possibleConstructorReturn
FN:8,_inherits
FN:10,(anonymous_8)
FN:11,Input
FN:13,(anonymous_10)
FN:13,updateState
FN:19,(anonymous_12)
FN:19,render
FN:31,(anonymous_14)
FN:31,ref
FN:37,(anonymous_16)
FN:37,ref
FN:53,mapStateToProps
FN:59,mapDispatchToProps
FNF:20
FNH:9
FNDA:1,(anonymous_0)
FNDA:1,defineProperties
FNDA:1,(anonymous_2)
FNDA:1,_interopRequireWildcard
FNDA:2,_interopRequireDefault
FNDA:0,_classCallCheck
FNDA:0,_possibleConstructorReturn
FNDA:1,_inherits
FNDA:1,(anonymous_8)
FNDA:0,Input
FNDA:1,(anonymous_10)
FNDA:0,updateState
FNDA:1,(anonymous_12)
FNDA:0,render
FNDA:0,(anonymous_14)
FNDA:0,ref
FNDA:0,(anonymous_16)
FNDA:0,ref
FNDA:0,mapStateToProps
FNDA:0,mapDispatchToProps
DA:1,2
DA:2,1
DA:3,1
DA:4,1
DA:5,1
DA:8,2
DA:10,1
DA:11,0
DA:13,1
DA:15,0
DA:16,0
DA:17,0
DA:18,0
DA:19,1
DA:21,0
DA:22,0
DA:31,0
DA:37,0
DA:50,1
DA:54,0
DA:60,0
DA:63,1
LF:22
LH:11
BRDA:1,0,0,2
BRDA:1,0,1,2
BRDA:1,1,0,2
BRDA:1,1,1,0
BRDA:1,2,0,1
BRDA:1,2,1,0
BRDA:1,3,0,0
BRDA:1,3,1,1
BRDA:8,4,0,1
BRDA:8,4,1,0
BRDA:8,5,0,1
BRDA:8,5,1,1
BRDA:8,6,0,0
BRDA:8,6,1,0
BRDA:8,7,0,0
BRDA:8,7,1,0
BRDA:8,8,0,0
BRDA:8,8,1,2
BRDA:8,9,0,2
BRDA:8,9,1,2
BRDA:8,10,0,0
BRDA:8,10,1,0
BRDA:8,11,0,0
BRDA:8,11,1,0
BRDA:8,12,0,0
BRDA:8,12,1,0
BRDA:8,13,0,0
BRDA:8,13,1,0
BRDA:8,13,2,0
BRDA:8,14,0,0
BRDA:8,14,1,1
BRDA:8,15,0,1
BRDA:8,15,1,0
BRDA:8,16,0,1
BRDA:8,16,1,1
BRDA:8,17,0,1
BRDA:8,17,1,0
BRDA:8,18,0,1
BRDA:8,18,1,0
BRDA:11,19,0,0
BRDA:11,19,1,0
BRF:41
BRH:17
end_of_record
TN:
SF:C:\Users\577730\Desktop\Redux-rest\client\component\navigation.js
FN:3,_interopRequireDefault
FN:5,Navigation
FN:17,mapStateToProps
FNF:3
FNH:1
FNDA:1,_interopRequireDefault
FNDA:0,Navigation
FNDA:0,mapStateToProps
DA:1,1
DA:2,1
DA:3,1
DA:5,1
DA:6,0
DA:18,0
DA:21,1
LF:7
LH:5
BRDA:3,0,0,0
BRDA:3,0,1,1
BRDA:3,1,0,1
BRDA:3,1,1,1
BRF:4
BRH:3
end_of_record
TN:
SF:C:\Users\577730\Desktop\Redux-rest\client\component\printingState.js
FN:1,(anonymous_0)
FN:1,defineProperties
FN:1,(anonymous_2)
FN:4,_interopRequireDefault
FN:4,_classCallCheck
FN:4,_possibleConstructorReturn
FN:4,_inherits
FN:6,(anonymous_7)
FN:6,PrintingState
FN:6,(anonymous_9)
FN:6,showInput
FN:29,(anonymous_11)
FN:29,render
FN:43,mapStateToProps
FNF:14
FNH:8
FNDA:1,(anonymous_0)
FNDA:1,defineProperties
FNDA:1,(anonymous_2)
FNDA:2,_interopRequireDefault
FNDA:0,_classCallCheck
FNDA:0,_possibleConstructorReturn
FNDA:1,_inherits
FNDA:1,(anonymous_7)
FNDA:0,PrintingState
FNDA:1,(anonymous_9)
FNDA:0,showInput
FNDA:1,(anonymous_11)
FNDA:0,render
FNDA:0,mapStateToProps
DA:1,2
DA:2,1
DA:4,2
DA:6,1
DA:8,0
DA:9,0
DA:12,0
DA:29,1
DA:31,0
DA:39,1
DA:44,0
DA:47,1
LF:12
LH:7
BRDA:1,0,0,2
BRDA:1,0,1,2
BRDA:1,1,0,2
BRDA:1,1,1,0
BRDA:1,2,0,1
BRDA:1,2,1,0
BRDA:1,3,0,0
BRDA:1,3,1,1
BRDA:4,4,0,1
BRDA:4,4,1,1
BRDA:4,5,0,2
BRDA:4,5,1,2
BRDA:4,6,0,0
BRDA:4,6,1,0
BRDA:4,7,0,0
BRDA:4,7,1,0
BRDA:4,8,0,0
BRDA:4,8,1,0
BRDA:4,9,0,0
BRDA:4,9,1,0
BRDA:4,9,2,0
BRDA:4,10,0,0
BRDA:4,10,1,1
BRDA:4,11,0,1
BRDA:4,11,1,0
BRDA:4,12,0,1
BRDA:4,12,1,1
BRDA:4,13,0,1
BRDA:4,13,1,0
BRDA:4,14,0,1
BRDA:4,14,1,0
BRDA:6,15,0,0
BRDA:6,15,1,0
BRDA:8,16,0,0
BRDA:8,16,1,0
BRDA:8,17,0,0
BRDA:8,17,1,0
BRF:37
BRH:15
end_of_record
TN:
SF:C:\Users\577730\Desktop\Redux-rest\client\component\__tests__\app-test.js
FN:6,_interopRequireDefault
FN:11,(anonymous_1)
FN:12,(anonymous_2)
FNF:3
FNH:3
FNDA:4,_interopRequireDefault
FNDA:1,(anonymous_1)
FNDA:1,(anonymous_2)
DA:1,1
DA:2,1
DA:3,1
DA:4,1
DA:6,4
DA:8,1
DA:11,1
DA:12,1
DA:13,1
LF:9
LH:9
BRDA:6,0,0,2
BRDA:6,0,1,2
BRDA:6,1,0,4
BRDA:6,1,1,4
BRF:4
BRH:4
end_of_record
